  [1m[35m (0.1ms)[0m  [1m[34mSELECT sqlite_version(*)[0m
  [1m[35m (87.6ms)[0m  [1m[35mCREATE TABLE "schema_migrations" ("version" varchar NOT NULL PRIMARY KEY)[0m
  [1m[35m (94.2ms)[0m  [1m[35mCREATE TABLE "ar_internal_metadata" ("key" varchar NOT NULL PRIMARY KEY, "value" varchar, "created_at" datetime NOT NULL, "updated_at" datetime NOT NULL)[0m
  [1m[35m (0.3ms)[0m  [1m[34mSELECT "schema_migrations"."version" FROM "schema_migrations" ORDER BY "schema_migrations"."version" ASC[0m
Migrating to CreateAssemblies (20180425145859)
  [1m[35m (0.1ms)[0m  [1m[36mbegin transaction[0m
  [1m[35m (0.5ms)[0m  [1m[35mCREATE TABLE "assemblies" ("id" INTEGER PRIMARY KEY AUTOINCREMENT NOT NULL, "name" varchar, "created_at" datetime NOT NULL, "updated_at" datetime NOT NULL)[0m
  [1m[35mSQL (0.2ms)[0m  [1m[32mINSERT INTO "schema_migrations" ("version") VALUES (?)[0m  [["version", "20180425145859"]]
  [1m[35m (80.7ms)[0m  [1m[36mcommit transaction[0m
Migrating to CreateParts (20180425150001)
  [1m[35m (0.2ms)[0m  [1m[36mbegin transaction[0m
  [1m[35m (1.1ms)[0m  [1m[35mCREATE TABLE "parts" ("id" INTEGER PRIMARY KEY AUTOINCREMENT NOT NULL, "part_number" varchar, "created_at" datetime NOT NULL, "updated_at" datetime NOT NULL)[0m
  [1m[35mSQL (0.4ms)[0m  [1m[32mINSERT INTO "schema_migrations" ("version") VALUES (?)[0m  [["version", "20180425150001"]]
  [1m[35m (112.5ms)[0m  [1m[36mcommit transaction[0m
  [1m[36mActiveRecord::InternalMetadata Load (1.0ms)[0m  [1m[34mSELECT  "ar_internal_metadata".* FROM "ar_internal_metadata" WHERE "ar_internal_metadata"."key" = ? LIMIT ?[0m  [["key", "environment"], ["LIMIT", 1]]
  [1m[35m (0.1ms)[0m  [1m[36mbegin transaction[0m
  [1m[35mSQL (0.4ms)[0m  [1m[32mINSERT INTO "ar_internal_metadata" ("key", "value", "created_at", "updated_at") VALUES (?, ?, ?, ?)[0m  [["key", "environment"], ["value", "development"], ["created_at", "2018-04-25 15:00:55.642458"], ["updated_at", "2018-04-25 15:00:55.642458"]]
  [1m[35m (77.7ms)[0m  [1m[36mcommit transaction[0m
  [1m[35m (0.4ms)[0m  [1m[34mSELECT "schema_migrations"."version" FROM "schema_migrations" ORDER BY "schema_migrations"."version" ASC[0m
  [1m[35m (0.1ms)[0m  [1m[34mSELECT "schema_migrations"."version" FROM "schema_migrations" ORDER BY "schema_migrations"."version" ASC[0m
Migrating to CreateJoinTableAssemblyPart (20180425151000)
  [1m[35m (0.1ms)[0m  [1m[36mbegin transaction[0m
  [1m[35m (0.1ms)[0m  [1m[34mSELECT sqlite_version(*)[0m
  [1m[35m (1.1ms)[0m  [1m[35mCREATE TABLE "assemblies_parts" ("assembly_id" integer NOT NULL, "part_id" integer NOT NULL)[0m
  [1m[35mSQL (0.1ms)[0m  [1m[32mINSERT INTO "schema_migrations" ("version") VALUES (?)[0m  [["version", "20180425151000"]]
  [1m[35m (103.0ms)[0m  [1m[36mcommit transaction[0m
  [1m[36mActiveRecord::InternalMetadata Load (0.1ms)[0m  [1m[34mSELECT  "ar_internal_metadata".* FROM "ar_internal_metadata" WHERE "ar_internal_metadata"."key" = ? LIMIT ?[0m  [["key", "environment"], ["LIMIT", 1]]
  [1m[35m (0.1ms)[0m  [1m[36mbegin transaction[0m
  [1m[35m (0.0ms)[0m  [1m[36mcommit transaction[0m
  [1m[35m (0.1ms)[0m  [1m[34mSELECT "schema_migrations"."version" FROM "schema_migrations" ORDER BY "schema_migrations"."version" ASC[0m
  [1m[35m (0.0ms)[0m  [1m[36mbegin transaction[0m
  [1m[35mSQL (0.2ms)[0m  [1m[32mINSERT INTO "assemblies" ("name", "created_at", "updated_at") VALUES (?, ?, ?)[0m  [["name", "china"], ["created_at", "2018-04-25 15:12:03.978263"], ["updated_at", "2018-04-25 15:12:03.978263"]]
  [1m[35m (65.2ms)[0m  [1m[36mcommit transaction[0m
  [1m[35m (0.4ms)[0m  [1m[36mbegin transaction[0m
  [1m[35mSQL (1.5ms)[0m  [1m[32mINSERT INTO "assemblies" ("name", "created_at", "updated_at") VALUES (?, ?, ?)[0m  [["name", "tawain"], ["created_at", "2018-04-25 15:12:13.916246"], ["updated_at", "2018-04-25 15:12:13.916246"]]
  [1m[35m (72.3ms)[0m  [1m[36mcommit transaction[0m
  [1m[35m (0.4ms)[0m  [1m[36mbegin transaction[0m
  [1m[35mSQL (1.1ms)[0m  [1m[32mINSERT INTO "assemblies" ("name", "created_at", "updated_at") VALUES (?, ?, ?)[0m  [["name", "France"], ["created_at", "2018-04-25 15:12:23.157627"], ["updated_at", "2018-04-25 15:12:23.157627"]]
  [1m[35m (75.6ms)[0m  [1m[36mcommit transaction[0m
  [1m[35m (0.1ms)[0m  [1m[36mbegin transaction[0m
  [1m[35mSQL (1.6ms)[0m  [1m[32mINSERT INTO "parts" ("part_number", "created_at", "updated_at") VALUES (?, ?, ?)[0m  [["part_number", "unit1"], ["created_at", "2018-04-25 15:18:58.404088"], ["updated_at", "2018-04-25 15:18:58.404088"]]
  [1m[35m (75.7ms)[0m  [1m[36mcommit transaction[0m
  [1m[35m (0.2ms)[0m  [1m[36mbegin transaction[0m
  [1m[35mSQL (1.0ms)[0m  [1m[32mINSERT INTO "parts" ("part_number", "created_at", "updated_at") VALUES (?, ?, ?)[0m  [["part_number", "unit2"], ["created_at", "2018-04-25 15:19:20.154803"], ["updated_at", "2018-04-25 15:19:20.154803"]]
  [1m[35m (69.5ms)[0m  [1m[36mcommit transaction[0m
  [1m[35m (0.3ms)[0m  [1m[36mbegin transaction[0m
  [1m[35mSQL (0.9ms)[0m  [1m[32mINSERT INTO "parts" ("part_number", "created_at", "updated_at") VALUES (?, ?, ?)[0m  [["part_number", "unit3"], ["created_at", "2018-04-25 15:19:24.806827"], ["updated_at", "2018-04-25 15:19:24.806827"]]
  [1m[35m (62.1ms)[0m  [1m[36mcommit transaction[0m
  [1m[36mAssembly Load (0.9ms)[0m  [1m[34mSELECT  "assemblies".* FROM "assemblies" WHERE "assemblies"."id" = ? LIMIT ?[0m  [["id", 2], ["LIMIT", 1]]
  [1m[35m (0.1ms)[0m  [1m[36mbegin transaction[0m
  [1m[35mSQL (0.4ms)[0m  [1m[32mINSERT INTO "parts" ("part_number", "created_at", "updated_at") VALUES (?, ?, ?)[0m  [["part_number", "unit4"], ["created_at", "2018-04-25 15:20:33.124542"], ["updated_at", "2018-04-25 15:20:33.124542"]]
  [1m[35m (71.5ms)[0m  [1m[36mcommit transaction[0m
  [1m[35m (0.3ms)[0m  [1m[36mbegin transaction[0m
  [1m[35mSQL (0.4ms)[0m  [1m[32mINSERT INTO "assemblies_parts" ("assembly_id", "part_id") VALUES (?, ?)[0m  [["assembly_id", 2], ["part_id", 4]]
  [1m[35m (76.3ms)[0m  [1m[36mcommit transaction[0m
  [1m[36mPart Load (0.9ms)[0m  [1m[34mSELECT  "parts".* FROM "parts" INNER JOIN "assemblies_parts" ON "parts"."id" = "assemblies_parts"."part_id" WHERE "assemblies_parts"."assembly_id" = ? LIMIT ?[0m  [["assembly_id", 2], ["LIMIT", 11]]
  [1m[36mAssembly Load (0.4ms)[0m  [1m[34mSELECT  "assemblies".* FROM "assemblies" WHERE "assemblies"."id" = ? LIMIT ?[0m  [["id", 2], ["LIMIT", 1]]
  [1m[36mPart Load (0.6ms)[0m  [1m[34mSELECT  "parts".* FROM "parts" WHERE "parts"."id" = ? LIMIT ?[0m  [["id", 3], ["LIMIT", 1]]
  [1m[35m (0.2ms)[0m  [1m[36mbegin transaction[0m
  [1m[35mSQL (2.0ms)[0m  [1m[32mINSERT INTO "assemblies_parts" ("assembly_id", "part_id") VALUES (?, ?)[0m  [["assembly_id", 2], ["part_id", 3]]
  [1m[35m (81.5ms)[0m  [1m[36mcommit transaction[0m
  [1m[36mPart Load (0.6ms)[0m  [1m[34mSELECT  "parts".* FROM "parts" INNER JOIN "assemblies_parts" ON "parts"."id" = "assemblies_parts"."part_id" WHERE "assemblies_parts"."assembly_id" = ? LIMIT ?[0m  [["assembly_id", 2], ["LIMIT", 11]]
  [1m[36mAssembly Load (0.5ms)[0m  [1m[34mSELECT  "assemblies".* FROM "assemblies" WHERE "assemblies"."id" = ? LIMIT ?[0m  [["id", 1], ["LIMIT", 1]]
  [1m[36mPart Load (0.4ms)[0m  [1m[34mSELECT  "parts".* FROM "parts" WHERE "parts"."id" = ? LIMIT ?[0m  [["id", 4], ["LIMIT", 1]]
  [1m[35m (0.3ms)[0m  [1m[36mbegin transaction[0m
  [1m[35mSQL (2.5ms)[0m  [1m[32mINSERT INTO "assemblies_parts" ("assembly_id", "part_id") VALUES (?, ?)[0m  [["assembly_id", 1], ["part_id", 4]]
  [1m[35m (75.7ms)[0m  [1m[36mcommit transaction[0m
  [1m[36mPart Load (0.5ms)[0m  [1m[34mSELECT  "parts".* FROM "parts" INNER JOIN "assemblies_parts" ON "parts"."id" = "assemblies_parts"."part_id" WHERE "assemblies_parts"."assembly_id" = ? LIMIT ?[0m  [["assembly_id", 1], ["LIMIT", 11]]
